[debug] [2024-10-16T20:50:01.744Z] ----------------------------------------------------------------------
[debug] [2024-10-16T20:50:01.746Z] Command:       C:\Program Files\nodejs\node.exe C:\Users\TEQ\AppData\Roaming\npm\node_modules\firebase-tools\lib\bin\firebase.js login
[debug] [2024-10-16T20:50:01.746Z] CLI Version:   13.22.0
[debug] [2024-10-16T20:50:01.747Z] Platform:      win32
[debug] [2024-10-16T20:50:01.747Z] Node Version:  v20.16.0
[debug] [2024-10-16T20:50:01.747Z] Time:          Wed Oct 16 2024 23:50:01 GMT+0300 (Eastern European Summer Time)
[debug] [2024-10-16T20:50:01.747Z] ----------------------------------------------------------------------
[debug] 
[debug] [2024-10-16T20:50:01.750Z] >>> [apiv2][query] GET https://firebase-public.firebaseio.com/cli.json [none]
[info] i  Firebase optionally collects CLI and Emulator Suite usage and error reporting information to help improve our products. Data is collected in accordance with Google's privacy policy (https://policies.google.com/privacy) and is not used to identify you.
 
[debug] [2024-10-16T20:50:02.646Z] <<< [apiv2][status] GET https://firebase-public.firebaseio.com/cli.json 200
[debug] [2024-10-16T20:50:02.647Z] <<< [apiv2][body] GET https://firebase-public.firebaseio.com/cli.json {"cloudBuildErrorAfter":1594252800000,"cloudBuildWarnAfter":1590019200000,"defaultNode10After":1594252800000,"minVersion":"3.0.5","node8DeploysDisabledAfter":1613390400000,"node8RuntimeDisabledAfter":1615809600000,"node8WarnAfter":1600128000000}
[info] 
[info] Visit this URL on this device to log in:
[info] https://accounts.google.com/o/oauth2/auth?client_id=563584335869-fgrhgmd47bqnekij5i8b5pr03ho849e6.apps.googleusercontent.com&scope=email%20openid%20https%3A%2F%2Fwww.googleapis.com%2Fauth%2Fcloudplatformprojects.readonly%20https%3A%2F%2Fwww.googleapis.com%2Fauth%2Ffirebase%20https%3A%2F%2Fwww.googleapis.com%2Fauth%2Fcloud-platform&response_type=code&state=482861688&redirect_uri=http%3A%2F%2Flocalhost%3A9005
[info] 
[info] Waiting for authentication...
[debug] [2024-10-16T20:50:42.076Z] >>> [apiv2][query] POST https://auth.firebase.tools/attest [none]
[debug] [2024-10-16T20:50:42.076Z] >>> [apiv2][body] POST https://auth.firebase.tools/attest {"session_id":"8dc96f66-1e04-4f61-8aaa-806773f450ca"}
[debug] [2024-10-16T20:50:42.629Z] <<< [apiv2][status] POST https://auth.firebase.tools/attest 200
[debug] [2024-10-16T20:50:42.629Z] <<< [apiv2][body] POST https://auth.firebase.tools/attest {"token":"3p3k2BXG10zuxhraBTZQcwwCfM0cKCF5vvzBi84Y5_Y"}
[info] 
[info] To sign in to the Firebase CLI:
[info] 
[info] 1. Take note of your session ID:
[info] 
[info]    8DC96
[info] 
[info] 2. Visit the URL below on any device and follow the instructions to get your code:
[info] 
[info]    https://auth.firebase.tools/login?code_challenge=RUIxqqjc4kSH4WXYDQa6cGy-vwBHSFySEJaAG4cCDjM&session=8dc96f66-1e04-4f61-8aaa-806773f450ca&attest=3p3k2BXG10zuxhraBTZQcwwCfM0cKCF5vvzBi84Y5_Y
[info] 
[info] 3. Paste or enter the authorization code below once you have it:
[info] 
